{
  "stats": {
    "suites": 1,
    "tests": 2,
    "passes": 1,
    "pending": 0,
    "failures": 1,
    "start": "2025-04-23T07:06:09.791Z",
    "end": "2025-04-23T07:07:39.185Z",
    "duration": 89394,
    "testsRegistered": 2,
    "passPercent": 50,
    "pendingPercent": 0,
    "other": 0,
    "hasOther": false,
    "skipped": 0,
    "hasSkipped": false
  },
  "results": [
    {
      "uuid": "5b749185-8ee9-4001-ae5e-d1756a5d0628",
      "title": "",
      "fullFile": "cypress\\e2e\\Features\\batchJob.feature",
      "file": "cypress\\e2e\\Features\\batchJob.feature",
      "beforeHooks": [],
      "afterHooks": [],
      "tests": [],
      "suites": [
        {
          "uuid": "355eaf54-206a-453b-9992-1998c873e150",
          "title": "Create batch job",
          "fullFile": "",
          "file": "",
          "beforeHooks": [],
          "afterHooks": [],
          "tests": [
            {
              "title": "Create a background removal job",
              "fullTitle": "Create batch job Create a background removal job",
              "timedOut": null,
              "duration": 29564,
              "state": "failed",
              "speed": null,
              "pass": false,
              "fail": true,
              "pending": false,
              "context": null,
              "code": "const state = window.testState;\nreturn cy\n  .then(() => state.onStartScenario(scenario, indexedSteps))\n  .then(() =>\n    resolveAndRunBeforeHooks.call(this, scenario.tags, state.feature.name)\n  )\n  .then(() =>\n    indexedSteps.forEach((step) =>\n      stepTest.call(this, state, step, rowData)\n    )\n  )\n  .then(() => state.onFinishScenario(scenario));",
              "err": {
                "message": "AssertionError: Timed out retrying after 4000ms: Expected to find element: `//body[1]/div[1]/div[4]/div[1]/div[2]/div[2]/div[1]/div[1]`, but never found it.",
                "estack": "AssertionError: Timed out retrying after 4000ms: Expected to find element: `//body[1]/div[1]/div[4]/div[1]/div[2]/div[2]/div[1]/div[1]`, but never found it.\n    at Object.bgRemovalCard (cypress/pages/batchJob_Page.js:3:30)\n    at batchJob.clickBgCard (cypress/pages/batchJob_Page.js:12:20)\n    at Context.eval (cypress/e2e/step_definitions/batchJob_StepDef.js:10:11)\n    at Context.resolveAndRunStepDefinition (node_modules/cypress-cucumber-preprocessor/lib/resolveStepDefinition.js:193:0)\n    at Context.eval (node_modules/cypress-cucumber-preprocessor/lib/createTestFromScenario.js:27:0)\n    at getRet (https://app.domyshoot.com/__cypress/runner/cypress_runner.js:119652:20)\n    at tryCatcher (https://app.domyshoot.com/__cypress/runner/cypress_runner.js:1777:23)\n    at Promise.attempt.Promise.try (https://app.domyshoot.com/__cypress/runner/cypress_runner.js:4285:29)\n    at Context.thenFn (https://app.domyshoot.com/__cypress/runner/cypress_runner.js:119663:66)",
                "diff": null
              },
              "uuid": "51422e58-26bb-410f-8fa2-3bd9b32d0a53",
              "parentUUID": "355eaf54-206a-453b-9992-1998c873e150",
              "isHook": false,
              "skipped": false
            },
            {
              "title": "Create a marketplace job",
              "fullTitle": "Create batch job Create a marketplace job",
              "timedOut": null,
              "duration": 58621,
              "state": "passed",
              "speed": "slow",
              "pass": true,
              "fail": false,
              "pending": false,
              "context": null,
              "code": "const state = window.testState;\nreturn cy\n  .then(() => state.onStartScenario(scenario, indexedSteps))\n  .then(() =>\n    resolveAndRunBeforeHooks.call(this, scenario.tags, state.feature.name)\n  )\n  .then(() =>\n    indexedSteps.forEach((step) =>\n      stepTest.call(this, state, step, rowData)\n    )\n  )\n  .then(() => state.onFinishScenario(scenario));",
              "err": {},
              "uuid": "f1f97899-a1f6-4eaa-8d00-cd1319c6a96b",
              "parentUUID": "355eaf54-206a-453b-9992-1998c873e150",
              "isHook": false,
              "skipped": false
            }
          ],
          "suites": [],
          "passes": [
            "f1f97899-a1f6-4eaa-8d00-cd1319c6a96b"
          ],
          "failures": [
            "51422e58-26bb-410f-8fa2-3bd9b32d0a53"
          ],
          "pending": [],
          "skipped": [],
          "duration": 88185,
          "root": false,
          "rootEmpty": false,
          "_timeout": 2000
        }
      ],
      "passes": [],
      "failures": [],
      "pending": [],
      "skipped": [],
      "duration": 0,
      "root": true,
      "rootEmpty": true,
      "_timeout": 2000
    }
  ],
  "meta": {
    "mocha": {
      "version": "7.2.0"
    },
    "mochawesome": {
      "options": {
        "quiet": false,
        "reportFilename": "mochawesome",
        "saveHtml": true,
        "saveJson": true,
        "consoleReporter": "spec",
        "useInlineDiffs": false,
        "code": true
      },
      "version": "7.1.3"
    },
    "marge": {
      "options": {
        "reportDir": "cypress/reports",
        "overwrite": false,
        "html": true,
        "json": true
      },
      "version": "6.2.0"
    }
  }
}